# JRE version: Java(TM) SE Runtime Environment (19.0.1+10) (build 19.0.1+10-21)
# Java VM: Java HotSpot(TM) 64-Bit Server VM (19.0.1+10-21, mixed mode, sharing, tiered, compressed oops, compressed class ptrs, g1 gc, windows-amd64)
GC Precious Log:
 CardTable entry size: 512
 Card Set container configuration: InlinePtr #cards 5 size 8 Array Of Cards #cards 12 size 40 Howl #buckets 4 coarsen threshold 1843 Howl Bitmap #cards 512 size 80 coarsen threshold 460 Card regions per heap region 1 cards per card region 2048
 CPUs: 4 total, 4 available
 Memory: 3863M
 Large Page Support: Disabled
 NUMA Support: Disabled
 Compressed Oops: Enabled (32-bit)
 Heap Region Size: 1M
 Heap Min Capacity: 8M
 Heap Initial Capacity: 62M
 Heap Max Capacity: 966M
 Pre-touch: Disabled
 Parallel Workers: 4
 Concurrent Workers: 1
 Concurrent Refinement Workers: 4
 Periodic GC: Disabled
Heap:
 garbage-first heap   total 182272K, used 74571K [0x00000000c3a00000, 0x0000000100000000)
  region size 1024K, 47 young (48128K), 2 survivors (2048K)
 Metaspace       used 70913K, committed 71552K, reserved 1114112K
  class space    used 9556K, committed 9856K, reserved 1048576K
GC Heap History (20 events):
Event: 6.783 GC heap before
{Heap before GC invocations=9 (full 0):
 garbage-first heap   total 51200K, used 36014K [0x00000000c3a00000, 0x0000000100000000)
  region size 1024K, 21 young (21504K), 2 survivors (2048K)
 Metaspace       used 31094K, committed 31552K, reserved 1114112K
  class space    used 3940K, committed 4160K, reserved 1048576K
}
Event: 6.790 GC heap after
{Heap after GC invocations=10 (full 0):
 garbage-first heap   total 51200K, used 19280K [0x00000000c3a00000, 0x0000000100000000)
  region size 1024K, 2 young (2048K), 2 survivors (2048K)
 Metaspace       used 31094K, committed 31552K, reserved 1114112K
  class space    used 3940K, committed 4160K, reserved 1048576K
}
Event: 7.319 GC heap before
{Heap before GC invocations=10 (full 0):
 garbage-first heap   total 51200K, used 34640K [0x00000000c3a00000, 0x0000000100000000)
  region size 1024K, 18 young (18432K), 2 survivors (2048K)
 Metaspace       used 35625K, committed 36096K, reserved 1114112K
  class space    used 4631K, committed 4864K, reserved 1048576K
}
Event: 7.324 GC heap after
{Heap after GC invocations=11 (full 0):
 garbage-first heap   total 76800K, used 19838K [0x00000000c3a00000, 0x0000000100000000)
  region size 1024K, 3 young (3072K), 3 survivors (3072K)
 Metaspace       used 35625K, committed 36096K, reserved 1114112K
  class space    used 4631K, committed 4864K, reserved 1048576K
}
Event: 8.831 GC heap before
{Heap before GC invocations=12 (full 0):
 garbage-first heap   total 75776K, used 55678K [0x00000000c3a00000, 0x0000000100000000)
  region size 1024K, 39 young (39936K), 3 survivors (3072K)
 Metaspace       used 48101K, committed 48576K, reserved 1114112K
  class space    used 6116K, committed 6336K, reserved 1048576K
}
Event: 8.839 GC heap after
{Heap after GC invocations=13 (full 0):
 garbage-first heap   total 75776K, used 23040K [0x00000000c3a00000, 0x0000000100000000)
  region size 1024K, 5 young (5120K), 5 survivors (5120K)
 Metaspace       used 48101K, committed 48576K, reserved 1114112K
  class space    used 6116K, committed 6336K, reserved 1048576K
}
Event: 8.867 GC heap before
{Heap before GC invocations=13 (full 0):
 garbage-first heap   total 75776K, used 24064K [0x00000000c3a00000, 0x0000000100000000)
  region size 1024K, 6 young (6144K), 5 survivors (5120K)
 Metaspace       used 48329K, committed 48832K, reserved 1114112K
  class space    used 6148K, committed 6400K, reserved 1048576K
}
Event: 8.873 GC heap after
{Heap after GC invocations=14 (full 0):
 garbage-first heap   total 75776K, used 23818K [0x00000000c3a00000, 0x0000000100000000)
  region size 1024K, 1 young (1024K), 1 survivors (1024K)
 Metaspace       used 48329K, committed 48832K, reserved 1114112K
  class space    used 6148K, committed 6400K, reserved 1048576K
}
Event: 9.691 GC heap before
{Heap before GC invocations=14 (full 0):
 garbage-first heap   total 75776K, used 54538K [0x00000000c3a00000, 0x0000000100000000)
  region size 1024K, 32 young (32768K), 1 survivors (1024K)
 Metaspace       used 56975K, committed 57472K, reserved 1114112K
  class space    used 7463K, committed 7680K, reserved 1048576K
}
Event: 9.695 GC heap after
{Heap after GC invocations=15 (full 0):
 garbage-first heap   total 75776K, used 24339K [0x00000000c3a00000, 0x0000000100000000)
  region size 1024K, 2 young (2048K), 2 survivors (2048K)
 Metaspace       used 56975K, committed 57472K, reserved 1114112K
  class space    used 7463K, committed 7680K, reserved 1048576K
}
Event: 10.195 GC heap before
{Heap before GC invocations=15 (full 0):
 garbage-first heap   total 75776K, used 38675K [0x00000000c3a00000, 0x0000000100000000)
  region size 1024K, 17 young (17408K), 2 survivors (2048K)
 Metaspace       used 60049K, committed 60608K, reserved 1114112K
  class space    used 7861K, committed 8128K, reserved 1048576K
}
Event: 10.201 GC heap after
{Heap after GC invocations=16 (full 0):
 garbage-first heap   total 75776K, used 25735K [0x00000000c3a00000, 0x0000000100000000)
  region size 1024K, 3 young (3072K), 3 survivors (3072K)
 Metaspace       used 60049K, committed 60608K, reserved 1114112K
  class space    used 7861K, committed 8128K, reserved 1048576K
}
Event: 10.967 GC heap before
{Heap before GC invocations=17 (full 0):
 garbage-first heap   total 75776K, used 57479K [0x00000000c3a00000, 0x0000000100000000)
  region size 1024K, 35 young (35840K), 3 survivors (3072K)
 Metaspace       used 65669K, committed 66304K, reserved 1114112K
  class space    used 8885K, committed 9216K, reserved 1048576K
}
Event: 10.976 GC heap after
{Heap after GC invocations=18 (full 0):
 garbage-first heap   total 75776K, used 27946K [0x00000000c3a00000, 0x0000000100000000)
  region size 1024K, 4 young (4096K), 4 survivors (4096K)
 Metaspace       used 65669K, committed 66304K, reserved 1114112K
  class space    used 8885K, committed 9216K, reserved 1048576K
}
Event: 10.984 GC heap before
{Heap before GC invocations=18 (full 0):
 garbage-first heap   total 75776K, used 28970K [0x00000000c3a00000, 0x0000000100000000)
  region size 1024K, 5 young (5120K), 4 survivors (4096K)
 Metaspace       used 65685K, committed 66304K, reserved 1114112K
  class space    used 8885K, committed 9216K, reserved 1048576K
}
Event: 10.992 GC heap after
{Heap after GC invocations=19 (full 0):
 garbage-first heap   total 75776K, used 28735K [0x00000000c3a00000, 0x0000000100000000)
  region size 1024K, 1 young (1024K), 1 survivors (1024K)
 Metaspace       used 65685K, committed 66304K, reserved 1114112K
  class space    used 8885K, committed 9216K, reserved 1048576K
}
Event: 11.272 GC heap before
{Heap before GC invocations=19 (full 0):
 garbage-first heap   total 75776K, used 57407K [0x00000000c3a00000, 0x0000000100000000)
  region size 1024K, 30 young (30720K), 1 survivors (1024K)
 Metaspace       used 67068K, committed 67648K, reserved 1114112K
  class space    used 9052K, committed 9344K, reserved 1048576K
}
Event: 11.276 GC heap after
{Heap after GC invocations=20 (full 0):
 garbage-first heap   total 75776K, used 29418K [0x00000000c3a00000, 0x0000000100000000)
  region size 1024K, 2 young (2048K), 2 survivors (2048K)
 Metaspace       used 67068K, committed 67648K, reserved 1114112K
  class space    used 9052K, committed 9344K, reserved 1048576K
}
Event: 11.484 GC heap before
{Heap before GC invocations=20 (full 0):
 garbage-first heap   total 75776K, used 59114K [0x00000000c3a00000, 0x0000000100000000)
  region size 1024K, 31 young (31744K), 2 survivors (2048K)
 Metaspace       used 67344K, committed 68032K, reserved 1114112K
  class space    used 9087K, committed 9408K, reserved 1048576K
}
Event: 11.489 GC heap after
{Heap after GC invocations=21 (full 0):
 garbage-first heap   total 182272K, used 29515K [0x00000000c3a00000, 0x0000000100000000)
  region size 1024K, 2 young (2048K), 2 survivors (2048K)
 Metaspace       used 67344K, committed 68032K, reserved 1114112K
  class space    used 9087K, committed 9408K, reserved 1048576K
}

